<?xml version="1.0" encoding="UTF-8"?>
<!-- Generated by org.testng.reporters.JUnitReportReporter -->
<testsuite hostname="ECFL201MAC-013" failures="0" tests="1" name="TestingOS.RunOS.AppTest" time="2.805" errors="0" timestamp="06 Jun. 2018 06:42:17 GMT" skipped="0">
  <testcase classname="TestingOS.RunOS.AppTest" name="testApp" time="2.805"/>
</testsuite> <!-- TestingOS.RunOS.AppTest -->
